<?xml version="1.0" encoding="UTF-8"?>
<!-- Generated by org.testng.reporters.JUnitReportReporter -->
<testsuite hostname="Sonali41" failures="0" tests="1" name="testNG2Browser.TestCase2" time="10.635" errors="0" timestamp="2023-05-23T00:17:19 IST" skipped="0">
  <testcase classname="testNG2Browser.TestCase2" name="Selenium" time="10.635"/>
  <system-out/>
</testsuite> <!-- testNG2Browser.TestCase2 -->
