<?xml version="1.0" encoding="UTF-8"?>
<!-- Generated by org.testng.reporters.JUnitReportReporter -->
<testsuite hostname="Sonali41" failures="0" tests="1" name="frame.Testng" time="5.445" errors="0" timestamp="2023-05-21T13:18:01 IST" skipped="0">
  <testcase classname="frame.Testng" name="chromebrowser" time="5.445"/>
  <system-out/>
</testsuite> <!-- frame.Testng -->
