<?xml version="1.0" encoding="UTF-8"?>
<!-- Generated by org.testng.reporters.JUnitReportReporter -->
<testsuite hostname="Sonali41" failures="0" tests="1" name="testNG.Remo" time="0.023" errors="0" timestamp="2023-05-26T09:23:16 IST" skipped="0">
  <testcase classname="testNG.Remo" name="a" time="0.023"/>
  <system-out>
    <![CDATA[Where is Selenium?]]>
  </system-out>
</testsuite> <!-- testNG.Remo -->
