<?xml version="1.0" encoding="UTF-8"?>
<!-- Generated by org.testng.reporters.JUnitReportReporter -->
<testsuite hostname="Sonali41" failures="0" tests="1" name="testNG.Demo" time="0.027" errors="0" timestamp="2023-05-26T09:23:16 IST" skipped="0">
  <testcase classname="testNG.Demo" name="f" time="0.027"/>
  <system-out>
    <![CDATA[Hii TestNG!!!]]>
  </system-out>
</testsuite> <!-- testNG.Demo -->
