<?xml version="1.0" encoding="UTF-8"?>
<!-- Generated by org.testng.reporters.JUnitReportReporter -->
<testsuite hostname="Sonali41" failures="0" tests="1" name="assertions.ActitimeDataProvider" time="0.000" errors="0" timestamp="2023-05-30T11:30:05 IST" skipped="1">
  <testcase classname="assertions.ActitimeDataProvider" name="loginValid" time="0.000">
    <skipped/>
  </testcase> <!-- loginValid -->
  <system-out/>
</testsuite> <!-- assertions.ActitimeDataProvider -->
