<?xml version="1.0" encoding="UTF-8"?>
<!-- Generated by org.testng.reporters.JUnitReportReporter -->
<testsuite hostname="Sonali41" failures="0" tests="8" name="testNGflags.PriorityFlag" time="0.044" errors="0" timestamp="2023-05-26T10:37:02 IST" skipped="0">
  <testcase classname="testNGflags.PriorityFlag" name="method8" time="0.018"/>
  <system-out>
    <![CDATA[From method8]]>
  </system-out>
  <testcase classname="testNGflags.PriorityFlag" name="method7" time="0.003"/>
  <system-out>
    <![CDATA[From method7]]>
  </system-out>
  <testcase classname="testNGflags.PriorityFlag" name="method6" time="0.004"/>
  <system-out>
    <![CDATA[From method6]]>
  </system-out>
  <testcase classname="testNGflags.PriorityFlag" name="method5" time="0.003"/>
  <system-out>
    <![CDATA[From method5]]>
  </system-out>
  <testcase classname="testNGflags.PriorityFlag" name="method4" time="0.006"/>
  <system-out>
    <![CDATA[From method4]]>
  </system-out>
  <testcase classname="testNGflags.PriorityFlag" name="method3" time="0.004"/>
  <system-out>
    <![CDATA[From method3]]>
  </system-out>
  <testcase classname="testNGflags.PriorityFlag" name="method2" time="0.003"/>
  <system-out>
    <![CDATA[From method2]]>
  </system-out>
  <testcase classname="testNGflags.PriorityFlag" name="method1" time="0.003"/>
  <system-out>
    <![CDATA[From method1]]>
  </system-out>
</testsuite> <!-- testNGflags.PriorityFlag -->
