<?xml version="1.0" encoding="UTF-8"?>
<!-- Generated by org.testng.reporters.JUnitReportReporter -->
<testsuite hostname="Sonali41" failures="0" tests="2" name="testNG.DemoTest" time="0.021" errors="0" timestamp="2023-05-22T09:54:00 IST" skipped="0">
  <testcase classname="testNG.DemoTest" name="f" time="0.016"/>
  <system-out>
    <![CDATA[Hii TestNG]]>
  </system-out>
  <testcase classname="testNG.DemoTest" name="g" time="0.005"/>
  <system-out>
    <![CDATA[Hey Java]]>
  </system-out>
</testsuite> <!-- testNG.DemoTest -->
