<?xml version="1.0" encoding="UTF-8"?>
<!-- Generated by org.testng.reporters.JUnitReportReporter -->
<testsuite hostname="Sonali41" failures="0" tests="3" name="testNgAnnotation.TestCase" time="92.882" errors="0" timestamp="2023-05-26T10:01:47 IST" skipped="0">
  <testcase classname="testNgAnnotation.TestCase" name="Search1" time="33.963"/>
  <system-out/>
  <testcase classname="testNgAnnotation.TestCase" name="Search3" time="29.723"/>
  <system-out/>
  <testcase classname="testNgAnnotation.TestCase" name="Search2" time="29.196"/>
  <system-out/>
</testsuite> <!-- testNgAnnotation.TestCase -->
