<?xml version="1.0" encoding="UTF-8"?>
<!-- Generated by org.testng.reporters.JUnitReportReporter -->
<testsuite hostname="Sonali41" failures="0" tests="3" name="testNGflags.DependsOnMethods" time="0.066" errors="0" timestamp="2023-06-01T00:09:16 IST" skipped="0">
  <testcase classname="testNGflags.DependsOnMethods" name="loginMethod" time="0.045"/>
  <system-out>
    <![CDATA[Login performed!]]>
  </system-out>
  <testcase classname="testNGflags.DependsOnMethods" name="createUserMethod" time="0.017"/>
  <system-out>
    <![CDATA[User is created!]]>
  </system-out>
  <testcase classname="testNGflags.DependsOnMethods" name="logoutMethod" time="0.004"/>
  <system-out>
    <![CDATA[Logout performed!]]>
  </system-out>
</testsuite> <!-- testNGflags.DependsOnMethods -->
