<?xml version="1.0" encoding="UTF-8"?>
<!-- Generated by org.testng.reporters.JUnitReportReporter -->
<testsuite hostname="Sonali41" failures="0" tests="3" name="testNGflags.DependsOnFlag" time="0.018" errors="0" timestamp="2023-05-26T10:55:31 IST" skipped="0">
  <testcase classname="testNGflags.DependsOnFlag" name="createUserMethod" time="0.002"/>
  <system-out>
    <![CDATA[User is created!]]>
  </system-out>
  <testcase classname="testNGflags.DependsOnFlag" name="logoutMethod" time="0.003"/>
  <system-out>
    <![CDATA[Logout performed!]]>
  </system-out>
  <testcase classname="testNGflags.DependsOnFlag" name="loginMethod" time="0.013"/>
  <system-out>
    <![CDATA[Login performed!]]>
  </system-out>
</testsuite> <!-- testNGflags.DependsOnFlag -->
