<?xml version="1.0" encoding="UTF-8"?>
<!-- Generated by org.testng.reporters.JUnitReportReporter -->
<testsuite hostname="Sonali41" failures="0" tests="2" name="testNG.SelectBrowser" time="25.082" errors="0" timestamp="2023-05-27T10:10:54 IST" skipped="0">
  <testcase classname="testNG.SelectBrowser" name="method1" time="12.404"/>
  <system-out/>
  <testcase classname="testNG.SelectBrowser" name="method1" time="12.678"/>
  <system-out/>
</testsuite> <!-- testNG.SelectBrowser -->
