<?xml version="1.0" encoding="UTF-8"?>
<!-- Generated by org.testng.reporters.JUnitReportReporter -->
<testsuite hostname="Sonali41" failures="0" tests="3" name="testNG2.DemoTest3" time="0.017" errors="0" timestamp="2023-05-23T09:44:21 IST" skipped="0">
  <testcase classname="testNG2.DemoTest3" name="a" time="0.004"/>
  <system-out>
    <![CDATA[a method from DemoTest3]]>
  </system-out>
  <testcase classname="testNG2.DemoTest3" name="c" time="0.008"/>
  <system-out>
    <![CDATA[c method from DemoTest3]]>
  </system-out>
  <testcase classname="testNG2.DemoTest3" name="b" time="0.005"/>
  <system-out>
    <![CDATA[b method from DemoTest3]]>
  </system-out>
</testsuite> <!-- testNG2.DemoTest3 -->
