<?xml version="1.0" encoding="UTF-8"?>
<!-- Generated by org.testng.reporters.JUnitReportReporter -->
<testsuite hostname="Sonali41" failures="0" tests="2" name="testNgAnnotation.Annotations" time="0.018" errors="0" timestamp="2023-05-23T10:18:39 IST" skipped="0">
  <testcase classname="testNgAnnotation.Annotations" name="testMethod2" time="0.005"/>
  <system-out>
    <![CDATA[Test Annotation2]]>
  </system-out>
  <testcase classname="testNgAnnotation.Annotations" name="testMethod" time="0.013"/>
  <system-out>
    <![CDATA[Test Annotation1]]>
  </system-out>
</testsuite> <!-- testNgAnnotation.Annotations -->
