<?xml version="1.0" encoding="UTF-8"?>
<!-- Generated by org.testng.reporters.JUnitReportReporter -->
<testsuite hostname="Sonali41" failures="0" tests="10" name="testNGflags.InvocationCount" time="0.074" errors="0" timestamp="2023-05-26T10:19:36 IST" skipped="0">
  <testcase classname="testNGflags.InvocationCount" name="method" time="0.009"/>
  <system-out>
    <![CDATA[Login Test Case]]>
  </system-out>
  <testcase classname="testNGflags.InvocationCount" name="method" time="0.009"/>
  <system-out>
    <![CDATA[Login Test Case]]>
  </system-out>
  <testcase classname="testNGflags.InvocationCount" name="method" time="0.007"/>
  <system-out>
    <![CDATA[Login Test Case]]>
  </system-out>
  <testcase classname="testNGflags.InvocationCount" name="method" time="0.005"/>
  <system-out>
    <![CDATA[Login Test Case]]>
  </system-out>
  <testcase classname="testNGflags.InvocationCount" name="method" time="0.006"/>
  <system-out>
    <![CDATA[Login Test Case]]>
  </system-out>
  <testcase classname="testNGflags.InvocationCount" name="method" time="0.004"/>
  <system-out>
    <![CDATA[Login Test Case]]>
  </system-out>
  <testcase classname="testNGflags.InvocationCount" name="method" time="0.003"/>
  <system-out>
    <![CDATA[Login Test Case]]>
  </system-out>
  <testcase classname="testNGflags.InvocationCount" name="method" time="0.019"/>
  <system-out>
    <![CDATA[Login Test Case]]>
  </system-out>
  <testcase classname="testNGflags.InvocationCount" name="method" time="0.004"/>
  <system-out>
    <![CDATA[Login Test Case]]>
  </system-out>
  <testcase classname="testNGflags.InvocationCount" name="method" time="0.008"/>
  <system-out>
    <![CDATA[Login Test Case]]>
  </system-out>
</testsuite> <!-- testNGflags.InvocationCount -->
