<?xml version="1.0" encoding="UTF-8"?>
<!-- Generated by org.testng.reporters.JUnitReportReporter -->
<testsuite hostname="Sonali41" failures="0" tests="2" name="testNGflags.EnableFlag" time="0.017" errors="0" timestamp="2023-05-26T10:09:14 IST" skipped="1">
  <testcase classname="testNGflags.EnableFlag" name="method2" time="0.017"/>
  <system-out>
    <![CDATA[Logout performed!]]>
  </system-out>
  <testcase classname="testNGflags.EnableFlag" name="method">
    <skipped/>
  </testcase> <!-- method -->
  <system-out/>
</testsuite> <!-- testNGflags.EnableFlag -->
