<?xml version="1.0" encoding="UTF-8"?>
<!-- Generated by org.testng.reporters.JUnitReportReporter -->
<testsuite hostname="Sonali41" failures="0" tests="1" name="testNG2.DemoTest2" time="0.016" errors="0" timestamp="2023-05-23T09:45:07 IST" skipped="0">
  <testcase classname="testNG2.DemoTest2" name="i" time="0.016"/>
  <system-out>
    <![CDATA[a method from DemoTest3]]>
  </system-out>
</testsuite> <!-- testNG2.DemoTest2 -->
