<?xml version="1.0" encoding="UTF-8"?>
<!-- Generated by org.testng.reporters.JUnitReportReporter -->
<testsuite hostname="Sonali41" failures="0" tests="1" name="testNG.Sumo" time="0.012" errors="0" timestamp="2023-05-22T11:22:26 IST" skipped="0">
  <testcase classname="testNG.Sumo" name="f" time="0.012"/>
  <system-out>
    <![CDATA[Hey Java!!!]]>
  </system-out>
</testsuite> <!-- testNG.Sumo -->
