<?xml version="1.0" encoding="UTF-8"?>
<!-- Generated by org.testng.reporters.JUnitReportReporter -->
<testsuite hostname="Sonali41" failures="0" tests="1" name="testNG2Browser.TestCase1" time="7.960" errors="0" timestamp="2023-05-23T00:17:19 IST" skipped="0">
  <testcase classname="testNG2Browser.TestCase1" name="java" time="7.960"/>
  <system-out/>
</testsuite> <!-- testNG2Browser.TestCase1 -->
