<?xml version="1.0" encoding="UTF-8"?>
<!-- Generated by org.testng.reporters.JUnitReportReporter -->
<testsuite hostname="Sonali41" failures="0" tests="3" name="testNG2.DemoTest1" time="0.020" errors="0" timestamp="2023-05-23T09:44:21 IST" skipped="0">
  <testcase classname="testNG2.DemoTest1" name="f" time="0.003"/>
  <system-out>
    <![CDATA[f method from DemoTest3]]>
  </system-out>
  <testcase classname="testNG2.DemoTest1" name="d" time="0.015"/>
  <system-out>
    <![CDATA[d method from DemoTest3]]>
  </system-out>
  <testcase classname="testNG2.DemoTest1" name="e" time="0.002"/>
  <system-out>
    <![CDATA[e method from DemoTest3]]>
  </system-out>
</testsuite> <!-- testNG2.DemoTest1 -->
