<?xml version="1.0" encoding="UTF-8"?>
<!-- Generated by org.testng.reporters.JUnitReportReporter -->
<testsuite hostname="Sonali41" failures="0" tests="12" name="testNGflags.DependsOnGroups" time="0.081" errors="0" timestamp="2023-06-01T00:15:09 IST" skipped="0">
  <testcase classname="testNGflags.DependsOnGroups" name="it4" time="0.008"/>
  <system-out>
    <![CDATA[ITC4]]>
  </system-out>
  <testcase classname="testNGflags.DependsOnGroups" name="it6" time="0.003"/>
  <system-out>
    <![CDATA[FTC6]]>
  </system-out>
  <testcase classname="testNGflags.DependsOnGroups" name="st2" time="0.006"/>
  <system-out>
    <![CDATA[STC2]]>
  </system-out>
  <testcase classname="testNGflags.DependsOnGroups" name="st3" time="0.006"/>
  <system-out>
    <![CDATA[STC3]]>
  </system-out>
  <testcase classname="testNGflags.DependsOnGroups" name="st4" time="0.008"/>
  <system-out>
    <![CDATA[STC4]]>
  </system-out>
  <testcase classname="testNGflags.DependsOnGroups" name="st6" time="0.003"/>
  <system-out>
    <![CDATA[STC6]]>
  </system-out>
  <testcase classname="testNGflags.DependsOnGroups" name="it2" time="0.002"/>
  <system-out>
    <![CDATA[ITC2]]>
  </system-out>
  <testcase classname="testNGflags.DependsOnGroups" name="it3" time="0.018"/>
  <system-out>
    <![CDATA[ITC3]]>
  </system-out>
  <testcase classname="testNGflags.DependsOnGroups" name="it1" time="0.018"/>
  <system-out>
    <![CDATA[ITC1]]>
  </system-out>
  <testcase classname="testNGflags.DependsOnGroups" name="st1" time="0.002"/>
  <system-out>
    <![CDATA[STC1]]>
  </system-out>
  <testcase classname="testNGflags.DependsOnGroups" name="it5" time="0.003"/>
  <system-out>
    <![CDATA[FTC1]]>
  </system-out>
  <testcase classname="testNGflags.DependsOnGroups" name="st5" time="0.004"/>
  <system-out>
    <![CDATA[STC5]]>
  </system-out>
</testsuite> <!-- testNGflags.DependsOnGroups -->
