<?xml version="1.0" encoding="UTF-8"?>
<!-- Generated by org.testng.reporters.JUnitReportReporter -->
<testsuite hostname="Sonali41" failures="0" tests="1" name="testNGflags.Flag1" time="0.014" errors="0" timestamp="2023-05-26T09:52:37 IST" skipped="0">
  <testcase classname="testNGflags.Flag1" name="method1" time="0.014"/>
  <system-out>
    <![CDATA[Method1 Login!]]>
  </system-out>
</testsuite> <!-- testNGflags.Flag1 -->
