<?xml version="1.0" encoding="UTF-8"?>
<!-- Generated by org.testng.reporters.JUnitReportReporter -->
<testsuite hostname="Sonali41" failures="0" tests="1" name="testPackage.ValidLoginTestCase" time="37.361" errors="0" timestamp="2023-06-02T07:37:05 IST" skipped="0">
  <testcase classname="testPackage.ValidLoginTestCase" name="validTestCase" time="37.361"/>
  <system-out>
    <![CDATA[Browser Opened and Test Will Start!
Test Executed Successfully!]]>
  </system-out>
</testsuite> <!-- testPackage.ValidLoginTestCase -->
